<?xml version="1.0" encoding="UTF-8"?>
<!-- Generated by org.testng.reporters.JUnitXMLReporter -->
<testsuite hostname="LENOVO-PC" ignored="0" name="Test 1" tests="4" failures="0" timestamp="10 Mar 2022 17:53:12 GMT" time="141.527" errors="0">
  <testcase name="LoginTest" time="31.299" classname="testCases.LoginTestCases"/>
  <testcase name="LoginTest" time="31.275" classname="testCases.LoginTestCases"/>
  <testcase name="LoginTest" time="33.392" classname="testCases.LoginTestCases"/>
  <testcase name="LoginTest" time="43.713" classname="testCases.LoginTestCases"/>
</testsuite> <!-- Test 1 -->
